Error: SYSTEM.CFG: No such file or directory
Date: Tue Mar 23 19:34:28 1993

 System config file did not load
Date: Tue Mar 23 19:34:28 1993

Error: SYSTEM.CFG: No such file or directory
Date: Sun Mar 28 20:29:33 1993

 System config file did not load
Date: Sun Mar 28 20:29:33 1993

Error: SYSTEM.CFG: No such file or directory
Date: Tue Mar 30 02:07:17 1993

 System config file did not load
Date: Tue Mar 30 02:07:17 1993

Error: CHANNEL.CFG: No such file or directory
Date: Tue Jun 01 18:40:39 1993

 Channel config file did not load - Creating New
Date: Tue Jun 01 18:40:39 1993

Error: SYSTEM.CFG: No such file or directory
Date: Tue Jun 01 18:40:39 1993

 System config file did not load Creating NEW
Date: Tue Jun 01 18:40:40 1993

Error: CHANNEL.CFG: No such file or directory
Date: Tue Jun 01 18:51:31 1993

 Channel config file did not load - Creating New
Date: Tue Jun 01 18:51:31 1993

Error: CHANNEL.CFG: No such file or directory
Date: Fri Jun 12 20:36:39 2026

 Channel config file did not load - Creating New
Date: Fri Jun 12 20:36:39 2026

