(00,-01) grud
Date: Tue Jun 16 21:20:09 2026
(00,-01) 0
Date: Tue Jun 16 21:21:21 2026
(00,-01) 0
Date: Tue Jun 16 21:21:35 2026
(01,-01) 0
Date: Tue Jun 16 21:24:32 2026
(00,-01) d
Date: Tue Jun 16 21:26:27 2026
(01,-01) d
Date: Tue Jun 16 21:26:47 2026
(00,-01) 0
Date: Tue Jun 16 21:26:54 2026
(00,-01) 0
Date: Tue Jun 16 21:27:38 2026
(00,-01) 2
Date: Tue Jun 16 21:28:24 2026
(00,-01) 0
Date: Tue Jun 16 21:29:35 2026
(00,-01) 0
Date: Tue Jun 16 21:29:41 2026
(00,-01) q
Date: Tue Jun 16 21:32:23 2026
(00,-01) 2
Date: Tue Jun 16 21:32:49 2026
(01,-01) q
Date: Tue Jun 16 21:34:13 2026
(00,-01) 0
Date: Tue Jun 16 21:41:00 2026
(00,-01) test
Date: Tue Jun 16 21:41:07 2026
(00,-01) d
Date: Tue Jun 16 21:43:59 2026
(00,000) The Sysop
Date: Tue Jun 16 21:45:19 2026
(00,000) The Sysop
Date: Tue Jun 16 21:50:16 2026
